<?xml version="1.0" encoding="UTF-8"?>
<coverage generated="1696964811076" clover="3.2.0">
  <project timestamp="1696964811076" name="All files">
    <metrics statements="64" coveredstatements="62" conditionals="41" coveredconditionals="39" methods="18" coveredmethods="18" elements="123" coveredelements="119" complexity="0" loc="64" ncloc="64" packages="3" files="6" classes="6"/>
    <package name="frontend-project-46">
      <metrics statements="7" coveredstatements="7" conditionals="4" coveredconditionals="4" methods="1" coveredmethods="1"/>
      <file name="index.js" path="C:\Users\QQ\Desktop\vsc\Project5\gendiff\frontend-project-46\index.js">
        <metrics statements="7" coveredstatements="7" conditionals="4" coveredconditionals="4" methods="1" coveredmethods="1"/>
        <line num="7" count="10" type="stmt"/>
        <line num="8" count="10" type="stmt"/>
        <line num="9" count="10" type="cond" truecount="4" falsecount="0"/>
        <line num="11" count="1" type="stmt"/>
        <line num="13" count="2" type="stmt"/>
        <line num="15" count="1" type="stmt"/>
        <line num="17" count="6" type="stmt"/>
      </file>
    </package>
    <package name="frontend-project-46.src">
      <metrics statements="14" coveredstatements="14" conditionals="16" coveredconditionals="16" methods="4" coveredmethods="4"/>
      <file name="buildDiff.js" path="C:\Users\QQ\Desktop\vsc\Project5\gendiff\frontend-project-46\src\buildDiff.js">
        <metrics statements="10" coveredstatements="10" conditionals="14" coveredconditionals="14" methods="3" coveredmethods="3"/>
        <line num="3" count="34" type="stmt"/>
        <line num="6" count="34" type="stmt"/>
        <line num="7" count="34" type="stmt"/>
        <line num="8" count="118" type="cond" truecount="4" falsecount="0"/>
        <line num="9" count="16" type="stmt"/>
        <line num="11" count="102" type="cond" truecount="4" falsecount="0"/>
        <line num="12" count="32" type="stmt"/>
        <line num="14" count="70" type="cond" truecount="4" falsecount="0"/>
        <line num="15" count="24" type="stmt"/>
        <line num="17" count="46" type="cond" truecount="2" falsecount="0"/>
      </file>
      <file name="parseFiles.js" path="C:\Users\QQ\Desktop\vsc\Project5\gendiff\frontend-project-46\src\parseFiles.js">
        <metrics statements="4" coveredstatements="4" conditionals="2" coveredconditionals="2" methods="1" coveredmethods="1"/>
        <line num="5" count="20" type="stmt"/>
        <line num="6" count="20" type="cond" truecount="2" falsecount="0"/>
        <line num="7" count="14" type="stmt"/>
        <line num="9" count="6" type="stmt"/>
      </file>
    </package>
    <package name="frontend-project-46.src.formaters">
      <metrics statements="43" coveredstatements="41" conditionals="21" coveredconditionals="19" methods="13" coveredmethods="13"/>
      <file name="json.js" path="C:\Users\QQ\Desktop\vsc\Project5\gendiff\frontend-project-46\src\formaters\json.js">
        <metrics statements="3" coveredstatements="3" conditionals="0" coveredconditionals="0" methods="2" coveredmethods="2"/>
        <line num="4" count="2" type="stmt"/>
        <line num="5" count="2" type="stmt"/>
        <line num="6" count="2" type="stmt"/>
      </file>
      <file name="plain.js" path="C:\Users\QQ\Desktop\vsc\Project5\gendiff\frontend-project-46\src\formaters\plain.js">
        <metrics statements="18" coveredstatements="17" conditionals="13" coveredconditionals="12" methods="5" coveredmethods="5"/>
        <line num="3" count="1" type="stmt"/>
        <line num="4" count="13" type="cond" truecount="2" falsecount="0"/>
        <line num="5" count="7" type="stmt"/>
        <line num="7" count="6" type="cond" truecount="4" falsecount="0"/>
        <line num="8" count="3" type="stmt"/>
        <line num="10" count="3" type="stmt"/>
        <line num="14" count="1" type="stmt"/>
        <line num="15" count="1" type="stmt"/>
        <line num="16" count="18" type="stmt"/>
        <line num="17" count="5" type="stmt"/>
        <line num="18" count="15" type="cond" truecount="2" falsecount="0"/>
        <line num="19" count="15" type="cond" truecount="4" falsecount="1"/>
        <line num="21" count="2" type="stmt"/>
        <line num="23" count="5" type="stmt"/>
        <line num="25" count="4" type="stmt"/>
        <line num="27" count="4" type="stmt"/>
        <line num="29" count="0" type="stmt"/>
        <line num="33" count="1" type="stmt"/>
      </file>
      <file name="stylish.js" path="C:\Users\QQ\Desktop\vsc\Project5\gendiff\frontend-project-46\src\formaters\stylish.js">
        <metrics statements="22" coveredstatements="21" conditionals="8" coveredconditionals="7" methods="6" coveredmethods="6"/>
        <line num="3" count="1" type="stmt"/>
        <line num="4" count="78" type="stmt"/>
        <line num="5" count="78" type="stmt"/>
        <line num="7" count="210" type="cond" truecount="2" falsecount="0"/>
        <line num="8" count="132" type="stmt"/>
        <line num="10" count="78" type="stmt"/>
        <line num="15" count="1" type="stmt"/>
        <line num="16" count="66" type="stmt"/>
        <line num="17" count="66" type="stmt"/>
        <line num="18" count="66" type="stmt"/>
        <line num="19" count="66" type="stmt"/>
        <line num="23" count="7" type="stmt"/>
        <line num="24" count="7" type="stmt"/>
        <line num="25" count="19" type="stmt"/>
        <line num="26" count="64" type="cond" truecount="5" falsecount="1"/>
        <line num="28" count="10" type="stmt"/>
        <line num="30" count="17" type="stmt"/>
        <line num="32" count="11" type="stmt"/>
        <line num="34" count="14" type="stmt"/>
        <line num="38" count="12" type="stmt"/>
        <line num="42" count="0" type="stmt"/>
        <line num="46" count="7" type="stmt"/>
      </file>
    </package>
  </project>
</coverage>
