{"C:\\Users\\QQ\\Desktop\\vsc\\Project5\\gendiff\\frontend-project-46\\index.js": {"path":"C:\\Users\\QQ\\Desktop\\vsc\\Project5\\gendiff\\frontend-project-46\\index.js","statementMap":{"0":{"start":{"line":7,"column":13},"end":{"line":7,"column":30}},"1":{"start":{"line":8,"column":13},"end":{"line":8,"column":30}},"2":{"start":{"line":9,"column":2},"end":{"line":18,"column":3}},"3":{"start":{"line":11,"column":6},"end":{"line":11,"column":29}},"4":{"start":{"line":13,"column":6},"end":{"line":13,"column":30}},"5":{"start":{"line":15,"column":6},"end":{"line":15,"column":27}},"6":{"start":{"line":17,"column":6},"end":{"line":17,"column":29}}},"fnMap":{"0":{"name":"genDiff","decl":{"start":{"line":6,"column":16},"end":{"line":6,"column":23}},"loc":{"start":{"line":6,"column":46},"end":{"line":19,"column":1}},"line":6}},"branchMap":{"0":{"loc":{"start":{"line":9,"column":2},"end":{"line":18,"column":3}},"type":"switch","locations":[{"start":{"line":10,"column":4},"end":{"line":11,"column":29}},{"start":{"line":12,"column":4},"end":{"line":13,"column":30}},{"start":{"line":14,"column":4},"end":{"line":15,"column":27}},{"start":{"line":16,"column":4},"end":{"line":17,"column":29}}],"line":9}},"s":{"0":10,"1":10,"2":10,"3":1,"4":2,"5":1,"6":6},"f":{"0":10},"b":{"0":[1,2,1,6]},"_coverageSchema":"1a1c01bbd47fc00a2c39e90264f33305004495a9","hash":"1eba67aefeb2766c1c2359e0965eaf038b7fba61"}
,"C:\\Users\\QQ\\Desktop\\vsc\\Project5\\gendiff\\frontend-project-46\\src\\buildDiff.js": {"path":"C:\\Users\\QQ\\Desktop\\vsc\\Project5\\gendiff\\frontend-project-46\\src\\buildDiff.js","statementMap":{"0":{"start":{"line":3,"column":16},"end":{"line":3,"column":77}},"1":{"start":{"line":3,"column":28},"end":{"line":3,"column":77}},"2":{"start":{"line":6,"column":15},"end":{"line":6,"column":30}},"3":{"start":{"line":7,"column":2},"end":{"line":20,"column":5}},"4":{"start":{"line":8,"column":4},"end":{"line":10,"column":5}},"5":{"start":{"line":9,"column":6},"end":{"line":9,"column":56}},"6":{"start":{"line":11,"column":4},"end":{"line":13,"column":5}},"7":{"start":{"line":12,"column":6},"end":{"line":12,"column":54}},"8":{"start":{"line":14,"column":4},"end":{"line":16,"column":5}},"9":{"start":{"line":15,"column":6},"end":{"line":15,"column":78}},"10":{"start":{"line":17,"column":4},"end":{"line":19,"column":10}}},"fnMap":{"0":{"name":"(anonymous_0)","decl":{"start":{"line":3,"column":16},"end":{"line":3,"column":17}},"loc":{"start":{"line":3,"column":28},"end":{"line":3,"column":77}},"line":3},"1":{"name":"buildDiff","decl":{"start":{"line":5,"column":16},"end":{"line":5,"column":25}},"loc":{"start":{"line":5,"column":34},"end":{"line":21,"column":1}},"line":5},"2":{"name":"(anonymous_2)","decl":{"start":{"line":7,"column":18},"end":{"line":7,"column":19}},"loc":{"start":{"line":7,"column":27},"end":{"line":20,"column":3}},"line":7}},"branchMap":{"0":{"loc":{"start":{"line":8,"column":4},"end":{"line":10,"column":5}},"type":"if","locations":[{"start":{"line":8,"column":4},"end":{"line":10,"column":5}},{"start":{},"end":{}}],"line":8},"1":{"loc":{"start":{"line":8,"column":8},"end":{"line":8,"column":41}},"type":"binary-expr","locations":[{"start":{"line":8,"column":8},"end":{"line":8,"column":22}},{"start":{"line":8,"column":26},"end":{"line":8,"column":41}}],"line":8},"2":{"loc":{"start":{"line":11,"column":4},"end":{"line":13,"column":5}},"type":"if","locations":[{"start":{"line":11,"column":4},"end":{"line":13,"column":5}},{"start":{},"end":{}}],"line":11},"3":{"loc":{"start":{"line":11,"column":8},"end":{"line":11,"column":41}},"type":"binary-expr","locations":[{"start":{"line":11,"column":8},"end":{"line":11,"column":22}},{"start":{"line":11,"column":26},"end":{"line":11,"column":41}}],"line":11},"4":{"loc":{"start":{"line":14,"column":4},"end":{"line":16,"column":5}},"type":"if","locations":[{"start":{"line":14,"column":4},"end":{"line":16,"column":5}},{"start":{},"end":{}}],"line":14},"5":{"loc":{"start":{"line":14,"column":8},"end":{"line":14,"column":50}},"type":"binary-expr","locations":[{"start":{"line":14,"column":8},"end":{"line":14,"column":27}},{"start":{"line":14,"column":31},"end":{"line":14,"column":50}}],"line":14},"6":{"loc":{"start":{"line":17,"column":11},"end":{"line":19,"column":9}},"type":"cond-expr","locations":[{"start":{"line":17,"column":33},"end":{"line":17,"column":77}},{"start":{"line":17,"column":80},"end":{"line":19,"column":9}}],"line":17}},"s":{"0":1,"1":34,"2":34,"3":34,"4":118,"5":16,"6":102,"7":32,"8":70,"9":24,"10":46},"f":{"0":34,"1":34,"2":118},"b":{"0":[16,102],"1":[118,86],"2":[32,70],"3":[102,102],"4":[24,46],"5":[70,30],"6":[20,26]},"_coverageSchema":"1a1c01bbd47fc00a2c39e90264f33305004495a9","hash":"4a6b57017fd565f5e5b1f54139ab93ca6ef7d970"}
,"C:\\Users\\QQ\\Desktop\\vsc\\Project5\\gendiff\\frontend-project-46\\src\\parseFiles.js": {"path":"C:\\Users\\QQ\\Desktop\\vsc\\Project5\\gendiff\\frontend-project-46\\src\\parseFiles.js","statementMap":{"0":{"start":{"line":5,"column":20},"end":{"line":5,"column":38}},"1":{"start":{"line":6,"column":2},"end":{"line":8,"column":3}},"2":{"start":{"line":7,"column":4},"end":{"line":7,"column":51}},"3":{"start":{"line":9,"column":2},"end":{"line":9,"column":49}}},"fnMap":{"0":{"name":"parseFiles","decl":{"start":{"line":4,"column":16},"end":{"line":4,"column":26}},"loc":{"start":{"line":4,"column":33},"end":{"line":10,"column":1}},"line":4}},"branchMap":{"0":{"loc":{"start":{"line":6,"column":2},"end":{"line":8,"column":3}},"type":"if","locations":[{"start":{"line":6,"column":2},"end":{"line":8,"column":3}},{"start":{},"end":{}}],"line":6}},"s":{"0":20,"1":20,"2":14,"3":6},"f":{"0":20},"b":{"0":[14,6]},"_coverageSchema":"1a1c01bbd47fc00a2c39e90264f33305004495a9","hash":"e5d06d4c449d3275f5e3905a279a1cf5d13edec7"}
,"C:\\Users\\QQ\\Desktop\\vsc\\Project5\\gendiff\\frontend-project-46\\src\\formaters\\json.js": {"path":"C:\\Users\\QQ\\Desktop\\vsc\\Project5\\gendiff\\frontend-project-46\\src\\formaters\\json.js","statementMap":{"0":{"start":{"line":4,"column":20},"end":{"line":4,"column":37}},"1":{"start":{"line":5,"column":15},"end":{"line":5,"column":45}},"2":{"start":{"line":5,"column":25},"end":{"line":5,"column":45}},"3":{"start":{"line":6,"column":2},"end":{"line":6,"column":25}}},"fnMap":{"0":{"name":"jsonDiff","decl":{"start":{"line":3,"column":16},"end":{"line":3,"column":24}},"loc":{"start":{"line":3,"column":33},"end":{"line":7,"column":1}},"line":3},"1":{"name":"(anonymous_1)","decl":{"start":{"line":5,"column":15},"end":{"line":5,"column":16}},"loc":{"start":{"line":5,"column":25},"end":{"line":5,"column":45}},"line":5}},"branchMap":{},"s":{"0":2,"1":2,"2":2,"3":2},"f":{"0":2,"1":2},"b":{},"_coverageSchema":"1a1c01bbd47fc00a2c39e90264f33305004495a9","hash":"f51c5400eb2bd296737836357067b17a96b255e5"}
,"C:\\Users\\QQ\\Desktop\\vsc\\Project5\\gendiff\\frontend-project-46\\src\\formaters\\plain.js": {"path":"C:\\Users\\QQ\\Desktop\\vsc\\Project5\\gendiff\\frontend-project-46\\src\\formaters\\plain.js","statementMap":{"0":{"start":{"line":3,"column":18},"end":{"line":11,"column":1}},"1":{"start":{"line":4,"column":2},"end":{"line":6,"column":3}},"2":{"start":{"line":5,"column":4},"end":{"line":5,"column":23}},"3":{"start":{"line":7,"column":2},"end":{"line":9,"column":3}},"4":{"start":{"line":8,"column":4},"end":{"line":8,"column":29}},"5":{"start":{"line":10,"column":2},"end":{"line":10,"column":14}},"6":{"start":{"line":14,"column":20},"end":{"line":14,"column":37}},"7":{"start":{"line":15,"column":15},"end":{"line":32,"column":3}},"8":{"start":{"line":16,"column":21},"end":{"line":16,"column":71}},"9":{"start":{"line":16,"column":43},"end":{"line":16,"column":70}},"10":{"start":{"line":17,"column":4},"end":{"line":31,"column":18}},"11":{"start":{"line":18,"column":23},"end":{"line":18,"column":76}},"12":{"start":{"line":19,"column":6},"end":{"line":30,"column":7}},"13":{"start":{"line":21,"column":10},"end":{"line":21,"column":54}},"14":{"start":{"line":23,"column":10},"end":{"line":23,"column":89}},"15":{"start":{"line":25,"column":10},"end":{"line":25,"column":114}},"16":{"start":{"line":27,"column":10},"end":{"line":27,"column":47}},"17":{"start":{"line":29,"column":10},"end":{"line":29,"column":28}},"18":{"start":{"line":33,"column":2},"end":{"line":33,"column":29}}},"fnMap":{"0":{"name":"(anonymous_0)","decl":{"start":{"line":3,"column":18},"end":{"line":3,"column":19}},"loc":{"start":{"line":3,"column":28},"end":{"line":11,"column":1}},"line":3},"1":{"name":"(anonymous_1)","decl":{"start":{"line":13,"column":15},"end":{"line":13,"column":16}},"loc":{"start":{"line":13,"column":27},"end":{"line":34,"column":1}},"line":13},"2":{"name":"(anonymous_2)","decl":{"start":{"line":15,"column":15},"end":{"line":15,"column":16}},"loc":{"start":{"line":15,"column":31},"end":{"line":32,"column":3}},"line":15},"3":{"name":"(anonymous_3)","decl":{"start":{"line":16,"column":33},"end":{"line":16,"column":34}},"loc":{"start":{"line":16,"column":43},"end":{"line":16,"column":70}},"line":16},"4":{"name":"(anonymous_4)","decl":{"start":{"line":17,"column":24},"end":{"line":17,"column":25}},"loc":{"start":{"line":17,"column":34},"end":{"line":31,"column":5}},"line":17}},"branchMap":{"0":{"loc":{"start":{"line":4,"column":2},"end":{"line":6,"column":3}},"type":"if","locations":[{"start":{"line":4,"column":2},"end":{"line":6,"column":3}},{"start":{},"end":{}}],"line":4},"1":{"loc":{"start":{"line":7,"column":2},"end":{"line":9,"column":3}},"type":"if","locations":[{"start":{"line":7,"column":2},"end":{"line":9,"column":3}},{"start":{},"end":{}}],"line":7},"2":{"loc":{"start":{"line":7,"column":6},"end":{"line":7,"column":47}},"type":"binary-expr","locations":[{"start":{"line":7,"column":6},"end":{"line":7,"column":30}},{"start":{"line":7,"column":34},"end":{"line":7,"column":47}}],"line":7},"3":{"loc":{"start":{"line":18,"column":23},"end":{"line":18,"column":76}},"type":"cond-expr","locations":[{"start":{"line":18,"column":39},"end":{"line":18,"column":52}},{"start":{"line":18,"column":55},"end":{"line":18,"column":76}}],"line":18},"4":{"loc":{"start":{"line":19,"column":6},"end":{"line":30,"column":7}},"type":"switch","locations":[{"start":{"line":20,"column":8},"end":{"line":21,"column":54}},{"start":{"line":22,"column":8},"end":{"line":23,"column":89}},{"start":{"line":24,"column":8},"end":{"line":25,"column":114}},{"start":{"line":26,"column":8},"end":{"line":27,"column":47}},{"start":{"line":28,"column":8},"end":{"line":29,"column":28}}],"line":19}},"s":{"0":1,"1":13,"2":7,"3":6,"4":3,"5":3,"6":1,"7":1,"8":5,"9":18,"10":5,"11":15,"12":15,"13":2,"14":5,"15":4,"16":4,"17":0,"18":1},"f":{"0":13,"1":1,"2":5,"3":18,"4":15},"b":{"0":[7,6],"1":[3,3],"2":[6,4],"3":[4,11],"4":[2,5,4,4,0]},"_coverageSchema":"1a1c01bbd47fc00a2c39e90264f33305004495a9","hash":"41433577d9155a8ecf19e91c0870360364bdb7ac"}
,"C:\\Users\\QQ\\Desktop\\vsc\\Project5\\gendiff\\frontend-project-46\\src\\formaters\\stylish.js": {"path":"C:\\Users\\QQ\\Desktop\\vsc\\Project5\\gendiff\\frontend-project-46\\src\\formaters\\stylish.js","statementMap":{"0":{"start":{"line":3,"column":19},"end":{"line":13,"column":1}},"1":{"start":{"line":4,"column":15},"end":{"line":4,"column":28}},"2":{"start":{"line":5,"column":2},"end":{"line":12,"column":16}},"3":{"start":{"line":7,"column":6},"end":{"line":9,"column":7}},"4":{"start":{"line":8,"column":8},"end":{"line":8,"column":28}},"5":{"start":{"line":10,"column":6},"end":{"line":10,"column":17}},"6":{"start":{"line":15,"column":16},"end":{"line":20,"column":1}},"7":{"start":{"line":16,"column":18},"end":{"line":16,"column":47}},"8":{"start":{"line":17,"column":19},"end":{"line":17,"column":46}},"9":{"start":{"line":18,"column":17},"end":{"line":18,"column":37}},"10":{"start":{"line":19,"column":2},"end":{"line":19,"column":43}},"11":{"start":{"line":23,"column":20},"end":{"line":23,"column":37}},"12":{"start":{"line":24,"column":15},"end":{"line":45,"column":17}},"13":{"start":{"line":25,"column":4},"end":{"line":45,"column":17}},"14":{"start":{"line":26,"column":8},"end":{"line":43,"column":9}},"15":{"start":{"line":28,"column":12},"end":{"line":28,"column":61}},"16":{"start":{"line":30,"column":12},"end":{"line":30,"column":61}},"17":{"start":{"line":32,"column":12},"end":{"line":32,"column":61}},"18":{"start":{"line":34,"column":12},"end":{"line":36,"column":40}},"19":{"start":{"line":38,"column":12},"end":{"line":40,"column":23}},"20":{"start":{"line":42,"column":12},"end":{"line":42,"column":30}},"21":{"start":{"line":46,"column":2},"end":{"line":46,"column":36}}},"fnMap":{"0":{"name":"(anonymous_0)","decl":{"start":{"line":3,"column":19},"end":{"line":3,"column":20}},"loc":{"start":{"line":3,"column":26},"end":{"line":13,"column":1}},"line":3},"1":{"name":"(anonymous_1)","decl":{"start":{"line":6,"column":9},"end":{"line":6,"column":10}},"loc":{"start":{"line":6,"column":18},"end":{"line":11,"column":5}},"line":6},"2":{"name":"(anonymous_2)","decl":{"start":{"line":15,"column":16},"end":{"line":15,"column":17}},"loc":{"start":{"line":15,"column":26},"end":{"line":20,"column":1}},"line":15},"3":{"name":"(anonymous_3)","decl":{"start":{"line":22,"column":15},"end":{"line":22,"column":16}},"loc":{"start":{"line":22,"column":27},"end":{"line":47,"column":1}},"line":22},"4":{"name":"(anonymous_4)","decl":{"start":{"line":24,"column":15},"end":{"line":24,"column":16}},"loc":{"start":{"line":25,"column":4},"end":{"line":45,"column":17}},"line":25},"5":{"name":"(anonymous_5)","decl":{"start":{"line":25,"column":13},"end":{"line":25,"column":14}},"loc":{"start":{"line":25,"column":23},"end":{"line":44,"column":7}},"line":25}},"branchMap":{"0":{"loc":{"start":{"line":7,"column":6},"end":{"line":9,"column":7}},"type":"if","locations":[{"start":{"line":7,"column":6},"end":{"line":9,"column":7}},{"start":{},"end":{}}],"line":7},"1":{"loc":{"start":{"line":26,"column":8},"end":{"line":43,"column":9}},"type":"switch","locations":[{"start":{"line":27,"column":10},"end":{"line":28,"column":61}},{"start":{"line":29,"column":10},"end":{"line":30,"column":61}},{"start":{"line":31,"column":10},"end":{"line":32,"column":61}},{"start":{"line":33,"column":10},"end":{"line":36,"column":40}},{"start":{"line":37,"column":10},"end":{"line":40,"column":23}},{"start":{"line":41,"column":10},"end":{"line":42,"column":30}}],"line":26}},"s":{"0":1,"1":78,"2":78,"3":210,"4":132,"5":78,"6":1,"7":66,"8":66,"9":66,"10":66,"11":7,"12":7,"13":19,"14":64,"15":10,"16":17,"17":11,"18":14,"19":12,"20":0,"21":7},"f":{"0":78,"1":210,"2":66,"3":7,"4":19,"5":64},"b":{"0":[132,78],"1":[10,17,11,14,12,0]},"_coverageSchema":"1a1c01bbd47fc00a2c39e90264f33305004495a9","hash":"bb8fc6082af5ba233b86a19abdff4c367495a086"}
}
