TN:
SF:index.js
FN:6,genDiff
FNF:1
FNH:1
FNDA:10,genDiff
DA:7,10
DA:8,10
DA:9,10
DA:11,1
DA:13,2
DA:15,1
DA:17,6
LF:7
LH:7
BRDA:9,0,0,1
BRDA:9,0,1,2
BRDA:9,0,2,1
BRDA:9,0,3,6
BRF:4
BRH:4
end_of_record
TN:
SF:src\buildDiff.js
FN:3,(anonymous_0)
FN:5,buildDiff
FN:7,(anonymous_2)
FNF:3
FNH:3
FNDA:34,(anonymous_0)
FNDA:34,buildDiff
FNDA:118,(anonymous_2)
DA:3,34
DA:6,34
DA:7,34
DA:8,118
DA:9,16
DA:11,102
DA:12,32
DA:14,70
DA:15,24
DA:17,46
LF:10
LH:10
BRDA:8,0,0,16
BRDA:8,0,1,102
BRDA:8,1,0,118
BRDA:8,1,1,86
BRDA:11,2,0,32
BRDA:11,2,1,70
BRDA:11,3,0,102
BRDA:11,3,1,102
BRDA:14,4,0,24
BRDA:14,4,1,46
BRDA:14,5,0,70
BRDA:14,5,1,30
BRDA:17,6,0,20
BRDA:17,6,1,26
BRF:14
BRH:14
end_of_record
TN:
SF:src\parseFiles.js
FN:4,parseFiles
FNF:1
FNH:1
FNDA:20,parseFiles
DA:5,20
DA:6,20
DA:7,14
DA:9,6
LF:4
LH:4
BRDA:6,0,0,14
BRDA:6,0,1,6
BRF:2
BRH:2
end_of_record
TN:
SF:src\formaters\json.js
FN:3,jsonDiff
FN:5,(anonymous_1)
FNF:2
FNH:2
FNDA:2,jsonDiff
FNDA:2,(anonymous_1)
DA:4,2
DA:5,2
DA:6,2
LF:3
LH:3
BRF:0
BRH:0
end_of_record
TN:
SF:src\formaters\plain.js
FN:3,(anonymous_0)
FN:13,(anonymous_1)
FN:15,(anonymous_2)
FN:16,(anonymous_3)
FN:17,(anonymous_4)
FNF:5
FNH:5
FNDA:13,(anonymous_0)
FNDA:1,(anonymous_1)
FNDA:5,(anonymous_2)
FNDA:18,(anonymous_3)
FNDA:15,(anonymous_4)
DA:3,1
DA:4,13
DA:5,7
DA:7,6
DA:8,3
DA:10,3
DA:14,1
DA:15,1
DA:16,18
DA:17,5
DA:18,15
DA:19,15
DA:21,2
DA:23,5
DA:25,4
DA:27,4
DA:29,0
DA:33,1
LF:18
LH:17
BRDA:4,0,0,7
BRDA:4,0,1,6
BRDA:7,1,0,3
BRDA:7,1,1,3
BRDA:7,2,0,6
BRDA:7,2,1,4
BRDA:18,3,0,4
BRDA:18,3,1,11
BRDA:19,4,0,2
BRDA:19,4,1,5
BRDA:19,4,2,4
BRDA:19,4,3,4
BRDA:19,4,4,0
BRF:13
BRH:12
end_of_record
TN:
SF:src\formaters\stylish.js
FN:3,(anonymous_0)
FN:6,(anonymous_1)
FN:15,(anonymous_2)
FN:22,(anonymous_3)
FN:24,(anonymous_4)
FN:25,(anonymous_5)
FNF:6
FNH:6
FNDA:78,(anonymous_0)
FNDA:210,(anonymous_1)
FNDA:66,(anonymous_2)
FNDA:7,(anonymous_3)
FNDA:19,(anonymous_4)
FNDA:64,(anonymous_5)
DA:3,1
DA:4,78
DA:5,78
DA:7,210
DA:8,132
DA:10,78
DA:15,1
DA:16,66
DA:17,66
DA:18,66
DA:19,66
DA:23,7
DA:24,7
DA:25,19
DA:26,64
DA:28,10
DA:30,17
DA:32,11
DA:34,14
DA:38,12
DA:42,0
DA:46,7
LF:22
LH:21
BRDA:7,0,0,132
BRDA:7,0,1,78
BRDA:26,1,0,10
BRDA:26,1,1,17
BRDA:26,1,2,11
BRDA:26,1,3,14
BRDA:26,1,4,12
BRDA:26,1,5,0
BRF:8
BRH:7
end_of_record
